This is pdfTeX, Version 3.14159265-2.6-1.40.21 (TeX Live 2020) (preloaded format=pdflatex 2020.12.7)  7 DEC 2020 16:15
entering extended mode
 restricted \write18 enabled.
 %&-line parsing enabled.
**paper_papaja.tex
(./paper_papaja.tex
LaTeX2e <2020-10-01> patch level 2
L3 programming layer <2020-12-05> xparse <2020-03-03> (/Users/bchaloup/Library/
TinyTeX/texmf-dist/tex/latex/apa6/apa6.cls
Document Class: apa6 2020/01/13 v2.34 APA formatting (6th edition)
(/Users/bchaloup/Library/TinyTeX/texmf-dist/tex/latex/base/article.cls
Document Class: article 2020/04/10 v1.4m Standard LaTeX document class
(/Users/bchaloup/Library/TinyTeX/texmf-dist/tex/latex/base/size10.clo
File: size10.clo 2020/04/10 v1.4m Standard LaTeX file (size option)
)
\c@part=\count177
\c@section=\count178
\c@subsection=\count179
\c@subsubsection=\count180
\c@paragraph=\count181
\c@subparagraph=\count182
\c@figure=\count183
\c@table=\count184
\abovecaptionskip=\skip47
\belowcaptionskip=\skip48
\bibindent=\dimen138
) (/Users/bchaloup/Library/TinyTeX/texmf-dist/tex/latex/etoolbox/etoolbox.sty
Package: etoolbox 2020/10/05 v2.5k e-TeX tools for LaTeX (JAW)
\etb@tempcnta=\count185
)
Class apa6 Info: No bibliography package was specified; defaulting to (but not 
loading) Biblatex on input line 213.
(/Users/bchaloup/Library/TinyTeX/texmf-dist/tex/latex/lm/lmodern.sty
Package: lmodern 2009/10/30 v1.6 Latin Modern Fonts
LaTeX Font Info:    Overwriting symbol font `operators' in version `normal'
(Font)                  OT1/cmr/m/n --> OT1/lmr/m/n on input line 22.
LaTeX Font Info:    Overwriting symbol font `letters' in version `normal'
(Font)                  OML/cmm/m/it --> OML/lmm/m/it on input line 23.
LaTeX Font Info:    Overwriting symbol font `symbols' in version `normal'
(Font)                  OMS/cmsy/m/n --> OMS/lmsy/m/n on input line 24.
LaTeX Font Info:    Overwriting symbol font `largesymbols' in version `normal'
(Font)                  OMX/cmex/m/n --> OMX/lmex/m/n on input line 25.
LaTeX Font Info:    Overwriting symbol font `operators' in version `bold'
(Font)                  OT1/cmr/bx/n --> OT1/lmr/bx/n on input line 26.
LaTeX Font Info:    Overwriting symbol font `letters' in version `bold'
(Font)                  OML/cmm/b/it --> OML/lmm/b/it on input line 27.
LaTeX Font Info:    Overwriting symbol font `symbols' in version `bold'
(Font)                  OMS/cmsy/b/n --> OMS/lmsy/b/n on input line 28.
LaTeX Font Info:    Overwriting symbol font `largesymbols' in version `bold'
(Font)                  OMX/cmex/m/n --> OMX/lmex/m/n on input line 29.
LaTeX Font Info:    Overwriting math alphabet `\mathbf' in version `normal'
(Font)                  OT1/cmr/bx/n --> OT1/lmr/bx/n on input line 31.
LaTeX Font Info:    Overwriting math alphabet `\mathsf' in version `normal'
(Font)                  OT1/cmss/m/n --> OT1/lmss/m/n on input line 32.
LaTeX Font Info:    Overwriting math alphabet `\mathit' in version `normal'
(Font)                  OT1/cmr/m/it --> OT1/lmr/m/it on input line 33.
LaTeX Font Info:    Overwriting math alphabet `\mathtt' in version `normal'
(Font)                  OT1/cmtt/m/n --> OT1/lmtt/m/n on input line 34.
LaTeX Font Info:    Overwriting math alphabet `\mathbf' in version `bold'
(Font)                  OT1/cmr/bx/n --> OT1/lmr/bx/n on input line 35.
LaTeX Font Info:    Overwriting math alphabet `\mathsf' in version `bold'
(Font)                  OT1/cmss/bx/n --> OT1/lmss/bx/n on input line 36.
LaTeX Font Info:    Overwriting math alphabet `\mathit' in version `bold'
(Font)                  OT1/cmr/bx/it --> OT1/lmr/bx/it on input line 37.
LaTeX Font Info:    Overwriting math alphabet `\mathtt' in version `bold'
(Font)                  OT1/cmtt/m/n --> OT1/lmtt/m/n on input line 38.
) (/Users/bchaloup/Library/TinyTeX/texmf-dist/tex/latex/base/fontenc.sty
Package: fontenc 2020/08/10 v2.0s Standard LaTeX package
LaTeX Font Info:    Trying to load font information for T1+lmr on input line 11
2.
(/Users/bchaloup/Library/TinyTeX/texmf-dist/tex/latex/lm/t1lmr.fd
File: t1lmr.fd 2009/10/30 v1.6 Font defs for Latin Modern
)) (/Users/bchaloup/Library/TinyTeX/texmf-dist/tex/latex/psnfss/times.sty
Package: times 2020/03/25 PSNFSS-v9.3 (SPQR) 
) (/Users/bchaloup/Library/TinyTeX/texmf-dist/tex/latex/psnfss/mathptm.sty
Package: mathptm 2020/03/25 PSNFSS-v9.3 Times w/ Math (SPQR, WaS) 

Package mathptm Warning: This package is to be regarded as obsolete.
(mathptm)                See the PSNFSS documentation.

LaTeX Font Info:    Redeclaring symbol font `operators' on input line 31.
LaTeX Font Info:    Overwriting symbol font `operators' in version `normal'
(Font)                  OT1/lmr/m/n --> OT1/ptmcm/m/n on input line 31.
LaTeX Font Info:    Overwriting symbol font `operators' in version `bold'
(Font)                  OT1/lmr/bx/n --> OT1/ptmcm/m/n on input line 31.
LaTeX Font Info:    Redeclaring symbol font `letters' on input line 32.
LaTeX Font Info:    Overwriting symbol font `letters' in version `normal'
(Font)                  OML/lmm/m/it --> OML/ptmcm/m/it on input line 32.
LaTeX Font Info:    Overwriting symbol font `letters' in version `bold'
(Font)                  OML/lmm/b/it --> OML/ptmcm/m/it on input line 32.
LaTeX Font Info:    Redeclaring symbol font `symbols' on input line 33.
LaTeX Font Info:    Overwriting symbol font `symbols' in version `normal'
(Font)                  OMS/lmsy/m/n --> OMS/pzccm/m/n on input line 33.
LaTeX Font Info:    Overwriting symbol font `symbols' in version `bold'
(Font)                  OMS/lmsy/b/n --> OMS/pzccm/m/n on input line 33.
LaTeX Font Info:    Redeclaring symbol font `largesymbols' on input line 34.
LaTeX Font Info:    Overwriting symbol font `largesymbols' in version `normal'
(Font)                  OMX/lmex/m/n --> OMX/psycm/m/n on input line 34.
LaTeX Font Info:    Overwriting symbol font `largesymbols' in version `bold'
(Font)                  OMX/lmex/m/n --> OMX/psycm/m/n on input line 34.
\symbold=\mathgroup4
\symitalic=\mathgroup5
LaTeX Font Info:    Redeclaring math alphabet \mathbf on input line 37.
LaTeX Font Info:    Overwriting math alphabet `\mathbf' in version `normal'
(Font)                  OT1/lmr/bx/n --> OT1/ptm/bx/n on input line 37.
LaTeX Font Info:    Overwriting math alphabet `\mathbf' in version `bold'
(Font)                  OT1/lmr/bx/n --> OT1/ptm/bx/n on input line 37.
LaTeX Font Info:    Redeclaring math alphabet \mathit on input line 38.
LaTeX Font Info:    Overwriting math alphabet `\mathit' in version `normal'
(Font)                  OT1/lmr/m/it --> OT1/ptm/m/it on input line 38.
LaTeX Font Info:    Overwriting math alphabet `\mathit' in version `bold'
(Font)                  OT1/lmr/bx/it --> OT1/ptm/m/it on input line 38.
) (/Users/bchaloup/Library/TinyTeX/texmf-dist/tex/latex/geometry/geometry.sty
Package: geometry 2020/01/02 v5.9 Page Geometry
(/Users/bchaloup/Library/TinyTeX/texmf-dist/tex/latex/graphics/keyval.sty
Package: keyval 2014/10/28 v1.15 key=value parser (DPC)
\KV@toks@=\toks15
) (/Users/bchaloup/Library/TinyTeX/texmf-dist/tex/generic/iftex/ifvtex.sty
Package: ifvtex 2019/10/25 v1.7 ifvtex legacy package. Use iftex instead.
(/Users/bchaloup/Library/TinyTeX/texmf-dist/tex/generic/iftex/iftex.sty
Package: iftex 2020/03/06 v1.0d TeX engine tests
))
\Gm@cnth=\count186
\Gm@cntv=\count187
\c@Gm@tempcnt=\count188
\Gm@bindingoffset=\dimen139
\Gm@wd@mp=\dimen140
\Gm@odd@mp=\dimen141
\Gm@even@mp=\dimen142
\Gm@layoutwidth=\dimen143
\Gm@layoutheight=\dimen144
\Gm@layouthoffset=\dimen145
\Gm@layoutvoffset=\dimen146
\Gm@dimlist=\toks16
) (/Users/bchaloup/Library/TinyTeX/texmf-dist/tex/latex/graphics/graphicx.sty
Package: graphicx 2020/09/09 v1.2b Enhanced LaTeX Graphics (DPC,SPQR)
(/Users/bchaloup/Library/TinyTeX/texmf-dist/tex/latex/graphics/graphics.sty
Package: graphics 2020/08/30 v1.4c Standard LaTeX Graphics (DPC,SPQR)
(/Users/bchaloup/Library/TinyTeX/texmf-dist/tex/latex/graphics/trig.sty
Package: trig 2016/01/03 v1.10 sin cos tan (DPC)
)
(/Users/bchaloup/Library/TinyTeX/texmf-dist/tex/latex/graphics-cfg/graphics.cfg
File: graphics.cfg 2016/06/04 v1.11 sample graphics configuration
)
Package graphics Info: Driver file: pdftex.def on input line 105.
(/Users/bchaloup/Library/TinyTeX/texmf-dist/tex/latex/graphics-def/pdftex.def
File: pdftex.def 2020/10/05 v1.2a Graphics/color driver for pdftex
))
\Gin@req@height=\dimen147
\Gin@req@width=\dimen148
) (/Users/bchaloup/Library/TinyTeX/texmf-dist/tex/latex/booktabs/booktabs.sty
Package: booktabs 2020/01/12 v1.61803398 Publication quality tables
\heavyrulewidth=\dimen149
\lightrulewidth=\dimen150
\cmidrulewidth=\dimen151
\belowrulesep=\dimen152
\belowbottomsep=\dimen153
\aboverulesep=\dimen154
\abovetopsep=\dimen155
\cmidrulesep=\dimen156
\cmidrulekern=\dimen157
\defaultaddspace=\dimen158
\@cmidla=\count189
\@cmidlb=\count190
\@aboverulesep=\dimen159
\@belowrulesep=\dimen160
\@thisruleclass=\count191
\@lastruleclass=\count192
\@thisrulewidth=\dimen161
)
(/Users/bchaloup/Library/TinyTeX/texmf-dist/tex/latex/threeparttable/threepartt
able.sty
Package: threeparttable 2003/06/13  v 3.0
\@tempboxb=\box47
)
\b@level@one@skip=\skip49
\e@level@one@skip=\skip50
\b@level@two@skip=\skip51
\e@level@two@skip=\skip52
\b@level@three@skip=\skip53
\e@level@three@skip=\skip54
\b@level@four@skip=\skip55
\e@level@four@skip=\skip56
\b@level@five@skip=\skip57
\e@level@five@skip=\skip58
(/Users/bchaloup/Library/TinyTeX/texmf-dist/tex/latex/caption/caption.sty
Package: caption 2020/10/26 v3.5g Customizing captions (AR)
(/Users/bchaloup/Library/TinyTeX/texmf-dist/tex/latex/caption/caption3.sty
Package: caption3 2020/10/21 v2.2e caption3 kernel (AR)
\captionmargin=\dimen162
\captionmargin@=\dimen163
\captionwidth=\dimen164
\caption@tempdima=\dimen165
\caption@indent=\dimen166
\caption@parindent=\dimen167
\caption@hangindent=\dimen168
Package caption Info: Standard document class detected.
)
\c@caption@flags=\count193
\c@continuedfloat=\count194
Package caption Info: threeparttable package is loaded.
)
\c@APAenum=\count195
\@text@par@indent=\skip59
\gr@box=\box48
\gr@boxwidth=\skip60
\gr@boxheight=\skip61
(/Users/bchaloup/Library/TinyTeX/texmf-dist/tex/latex/tools/bm.sty
Package: bm 2019/07/24 v1.2d Bold Symbol Support (DPC/FMi)
LaTeX Info: Redefining \bm on input line 209.
)
\c@appendix=\count196
(/Users/bchaloup/Library/TinyTeX/texmf-dist/tex/latex/tools/ftnright.sty
Package: ftnright 2014/10/28 v1.1f footnote layout package (FMi)
\rcol@footinsskip=\skip62
\ftn@amount=\dimen169
)
\auone@box=\box49
\autwo@box=\box50
\autot@box=\box51
\auone@boxwidth=\skip63
\autwo@boxwidth=\skip64
\autot@boxwidth=\skip65
) (/Users/bchaloup/Library/TinyTeX/texmf-dist/tex/latex/amsfonts/amssymb.sty
Package: amssymb 2013/01/14 v3.01 AMS font symbols
(/Users/bchaloup/Library/TinyTeX/texmf-dist/tex/latex/amsfonts/amsfonts.sty
Package: amsfonts 2013/01/14 v3.01 Basic AMSFonts support
\@emptytoks=\toks17
\symAMSa=\mathgroup6
\symAMSb=\mathgroup7
LaTeX Font Info:    Redeclaring math symbol \hbar on input line 98.
LaTeX Font Info:    Overwriting math alphabet `\mathfrak' in version `bold'
(Font)                  U/euf/m/n --> U/euf/b/n on input line 106.
)) (/Users/bchaloup/Library/TinyTeX/texmf-dist/tex/latex/amsmath/amsmath.sty
Package: amsmath 2020/09/23 v2.17i AMS math features
\@mathmargin=\skip66
For additional information on amsmath, use the `?' option.
(/Users/bchaloup/Library/TinyTeX/texmf-dist/tex/latex/amsmath/amstext.sty
Package: amstext 2000/06/29 v2.01 AMS text
(/Users/bchaloup/Library/TinyTeX/texmf-dist/tex/latex/amsmath/amsgen.sty
File: amsgen.sty 1999/11/30 v2.0 generic functions
\@emptytoks=\toks18
\ex@=\dimen170
)) (/Users/bchaloup/Library/TinyTeX/texmf-dist/tex/latex/amsmath/amsbsy.sty
Package: amsbsy 1999/11/29 v1.2d Bold Symbols
LaTeX Info: Redefining \boldsymbol on input line 28.
\pmbraise@=\dimen171
) (/Users/bchaloup/Library/TinyTeX/texmf-dist/tex/latex/amsmath/amsopn.sty
Package: amsopn 2016/03/08 v2.02 operator names
)
\inf@bad=\count197
LaTeX Info: Redefining \frac on input line 234.
\uproot@=\count198
\leftroot@=\count199
LaTeX Info: Redefining \overline on input line 399.
\classnum@=\count266
\DOTSCASE@=\count267
LaTeX Info: Redefining \ldots on input line 496.
LaTeX Info: Redefining \dots on input line 499.
LaTeX Info: Redefining \cdots on input line 620.
\Mathstrutbox@=\box52
\strutbox@=\box53
\big@size=\dimen172
LaTeX Font Info:    Redeclaring font encoding OML on input line 743.
LaTeX Font Info:    Redeclaring font encoding OMS on input line 744.
\macc@depth=\count268
\c@MaxMatrixCols=\count269
\dotsspace@=\muskip16
\c@parentequation=\count270
\dspbrk@lvl=\count271
\tag@help=\toks19
\row@=\count272
\column@=\count273
\maxfields@=\count274
\andhelp@=\toks20
\eqnshift@=\dimen173
\alignsep@=\dimen174
\tagshift@=\dimen175
\tagwidth@=\dimen176
\totwidth@=\dimen177
\lineht@=\dimen178
\@envbody=\toks21
\multlinegap=\skip67
\multlinetaggap=\skip68
\mathdisplay@stack=\toks22
LaTeX Info: Redefining \[ on input line 2923.
LaTeX Info: Redefining \] on input line 2924.
) (/Users/bchaloup/Library/TinyTeX/texmf-dist/tex/generic/iftex/ifxetex.sty
Package: ifxetex 2019/10/25 v0.7 ifxetex legacy package. Use iftex instead.
) (/Users/bchaloup/Library/TinyTeX/texmf-dist/tex/generic/iftex/ifluatex.sty
Package: ifluatex 2019/10/25 v1.5 ifluatex legacy package. Use iftex instead.
) (/Users/bchaloup/Library/TinyTeX/texmf-dist/tex/latex/base/fixltx2e.sty
Package: fixltx2e 2016/12/29 v2.1a fixes to LaTeX (obsolete)
Applying: [2015/01/01] Old fixltx2e package on input line 46.

Package fixltx2e Warning: fixltx2e is not required with releases after 2015
(fixltx2e)                All fixes are now in the LaTeX kernel.
(fixltx2e)                See the latexrelease package for details.

Already applied: [0000/00/00] Old fixltx2e package on input line 53.
) (/Users/bchaloup/Library/TinyTeX/texmf-dist/tex/latex/base/fontenc.sty
Package: fontenc 2020/08/10 v2.0s Standard LaTeX package
LaTeX Font Info:    Trying to load font information for T1+ptm on input line 11
2.
(/Users/bchaloup/Library/TinyTeX/texmf-dist/tex/latex/psnfss/t1ptm.fd
File: t1ptm.fd 2001/06/04 font definitions for T1/ptm.
)) (/Users/bchaloup/Library/TinyTeX/texmf-dist/tex/latex/base/inputenc.sty
Package: inputenc 2020/08/01 v1.3d Input encoding file
\inpenc@prehook=\toks23
\inpenc@posthook=\toks24
) (/Users/bchaloup/Library/TinyTeX/texmf-dist/tex/latex/base/textcomp.sty
Package: textcomp 2020/02/02 v2.0n Standard LaTeX package
) (/Users/bchaloup/Library/TinyTeX/texmf-dist/tex/latex/hyperref/hyperref.sty
Package: hyperref 2020-05-15 v7.00e Hypertext links for LaTeX
(/Users/bchaloup/Library/TinyTeX/texmf-dist/tex/generic/ltxcmds/ltxcmds.sty
Package: ltxcmds 2020-05-10 v1.25 LaTeX kernel commands for general use (HO)
)
(/Users/bchaloup/Library/TinyTeX/texmf-dist/tex/generic/pdftexcmds/pdftexcmds.s
ty
Package: pdftexcmds 2020-06-27 v0.33 Utility functions of pdfTeX for LuaTeX (HO
)

(/Users/bchaloup/Library/TinyTeX/texmf-dist/tex/generic/infwarerr/infwarerr.sty
Package: infwarerr 2019/12/03 v1.5 Providing info/warning/error messages (HO)
)
Package pdftexcmds Info: \pdf@primitive is available.
Package pdftexcmds Info: \pdf@ifprimitive is available.
Package pdftexcmds Info: \pdfdraftmode found.
)
(/Users/bchaloup/Library/TinyTeX/texmf-dist/tex/generic/kvsetkeys/kvsetkeys.sty
Package: kvsetkeys 2019/12/15 v1.18 Key value parser (HO)
)
(/Users/bchaloup/Library/TinyTeX/texmf-dist/tex/generic/kvdefinekeys/kvdefineke
ys.sty
Package: kvdefinekeys 2019-12-19 v1.6 Define keys (HO)
)
(/Users/bchaloup/Library/TinyTeX/texmf-dist/tex/generic/pdfescape/pdfescape.sty
Package: pdfescape 2019/12/09 v1.15 Implements pdfTeX's escape features (HO)
) (/Users/bchaloup/Library/TinyTeX/texmf-dist/tex/latex/hycolor/hycolor.sty
Package: hycolor 2020-01-27 v1.10 Color options for hyperref/bookmark (HO)
)
(/Users/bchaloup/Library/TinyTeX/texmf-dist/tex/latex/letltxmacro/letltxmacro.s
ty
Package: letltxmacro 2019/12/03 v1.6 Let assignment for LaTeX macros (HO)
) (/Users/bchaloup/Library/TinyTeX/texmf-dist/tex/latex/auxhook/auxhook.sty
Package: auxhook 2019-12-17 v1.6 Hooks for auxiliary files (HO)
) (/Users/bchaloup/Library/TinyTeX/texmf-dist/tex/latex/kvoptions/kvoptions.sty
Package: kvoptions 2020-10-07 v3.14 Key value format for package options (HO)
)
\@linkdim=\dimen179
\Hy@linkcounter=\count275
\Hy@pagecounter=\count276
(/Users/bchaloup/Library/TinyTeX/texmf-dist/tex/latex/hyperref/pd1enc.def
File: pd1enc.def 2020-05-15 v7.00e Hyperref: PDFDocEncoding definition (HO)
Now handling font encoding PD1 ...
... no UTF-8 mapping file for font encoding PD1
) (/Users/bchaloup/Library/TinyTeX/texmf-dist/tex/generic/intcalc/intcalc.sty
Package: intcalc 2019/12/15 v1.3 Expandable calculations with integers (HO)
) (/Users/bchaloup/Library/TinyTeX/texmf-dist/tex/generic/etexcmds/etexcmds.sty
Package: etexcmds 2019/12/15 v1.7 Avoid name clashes with e-TeX commands (HO)
)
\Hy@SavedSpaceFactor=\count277
Package hyperref Info: Option `unicode' set `true' on input line 4338.
(/Users/bchaloup/Library/TinyTeX/texmf-dist/tex/latex/hyperref/puenc.def
File: puenc.def 2020-05-15 v7.00e Hyperref: PDF Unicode definition (HO)
Now handling font encoding PU ...
... no UTF-8 mapping file for font encoding PU
)
Package hyperref Info: Hyper figures OFF on input line 4464.
Package hyperref Info: Link nesting OFF on input line 4469.
Package hyperref Info: Hyper index ON on input line 4472.
Package hyperref Info: Plain pages OFF on input line 4479.
Package hyperref Info: Backreferencing OFF on input line 4484.
Package hyperref Info: Implicit mode ON; LaTeX internals redefined.
Package hyperref Info: Bookmarks ON on input line 4717.
\c@Hy@tempcnt=\count278
(/Users/bchaloup/Library/TinyTeX/texmf-dist/tex/latex/url/url.sty
\Urlmuskip=\muskip17
Package: url 2013/09/16  ver 3.4  Verb mode for urls, etc.
)
LaTeX Info: Redefining \url on input line 5076.
\XeTeXLinkMargin=\dimen180
(/Users/bchaloup/Library/TinyTeX/texmf-dist/tex/generic/bitset/bitset.sty
Package: bitset 2019/12/09 v1.3 Handle bit-vector datatype (HO)

(/Users/bchaloup/Library/TinyTeX/texmf-dist/tex/generic/bigintcalc/bigintcalc.s
ty
Package: bigintcalc 2019/12/15 v1.5 Expandable calculations on big integers (HO
)
))
\Fld@menulength=\count279
\Field@Width=\dimen181
\Fld@charsize=\dimen182
Package hyperref Info: Hyper figures OFF on input line 6347.
Package hyperref Info: Link nesting OFF on input line 6352.
Package hyperref Info: Hyper index ON on input line 6355.
Package hyperref Info: backreferencing OFF on input line 6362.
Package hyperref Info: Link coloring OFF on input line 6367.
Package hyperref Info: Link coloring with OCG OFF on input line 6372.
Package hyperref Info: PDF/A mode OFF on input line 6377.
LaTeX Info: Redefining \ref on input line 6417.
LaTeX Info: Redefining \pageref on input line 6421.
(/Users/bchaloup/Library/TinyTeX/texmf-dist/tex/latex/base/atbegshi-ltx.sty
Package: atbegshi-ltx 2020/08/17 v1.0a Emulation of the original atbegshi packa
ge
with kernel methods
)
\Hy@abspage=\count280
\c@Item=\count281
\c@Hfootnote=\count282
)
Package hyperref Info: Driver (autodetected): hpdftex.
(/Users/bchaloup/Library/TinyTeX/texmf-dist/tex/latex/hyperref/hpdftex.def
File: hpdftex.def 2020-05-15 v7.00e Hyperref driver for pdfTeX
(/Users/bchaloup/Library/TinyTeX/texmf-dist/tex/latex/base/atveryend-ltx.sty
Package: atveryend-ltx 2020/08/19 v1.0a Emulation of the original atvery packag
e
with kernel methods
)
\Fld@listcount=\count283
\c@bookmark@seq@number=\count284

(/Users/bchaloup/Library/TinyTeX/texmf-dist/tex/latex/rerunfilecheck/rerunfilec
heck.sty
Package: rerunfilecheck 2019/12/05 v1.9 Rerun checks for auxiliary files (HO)

(/Users/bchaloup/Library/TinyTeX/texmf-dist/tex/generic/uniquecounter/uniquecou
nter.sty
Package: uniquecounter 2019/12/15 v1.4 Provide unlimited unique counter (HO)
)
Package uniquecounter Info: New unique counter `rerunfilecheck' on input line 2
86.
)
\Hy@SectionHShift=\skip69
)
Package hyperref Info: Option `breaklinks' set `true' on input line 30.
(/Users/bchaloup/Library/TinyTeX/texmf-dist/tex/latex/grffile/grffile.sty
Package: grffile 2019/11/11 v2.1 Extended file name support for graphics (legac
y)
Package grffile Info: This package is an empty stub for compatibility on input 
line 40.
) (/Users/bchaloup/Library/TinyTeX/texmf-dist/tex/latex/was/upgreek.sty
Package: upgreek 2003/02/12 v2.0 (WaS)
Package upgreek Info: Using Euler Roman for upright Greek on input line 31.
\symugrf@m=\mathgroup8
LaTeX Font Info:    Overwriting symbol font `ugrf@m' in version `bold'
(Font)                  U/eur/m/n --> U/eur/b/n on input line 38.
) (/Users/bchaloup/Library/TinyTeX/texmf-dist/tex/latex/tools/longtable.sty
Package: longtable 2020/01/07 v4.13 Multi-page Table package (DPC)
\LTleft=\skip70
\LTright=\skip71
\LTpre=\skip72
\LTpost=\skip73
\LTchunksize=\count285
\LTcapwidth=\dimen183
\LT@head=\box54
\LT@firsthead=\box55
\LT@foot=\box56
\LT@lastfoot=\box57
\LT@cols=\count286
\LT@rows=\count287
\c@LT@tables=\count288
\c@LT@chunks=\count289
\LT@p@ftn=\toks25
) (/Users/bchaloup/Library/TinyTeX/texmf-dist/tex/latex/graphics/lscape.sty
Package: lscape 2020/05/28 v3.02 Landscape Pages (DPC)
) (/Users/bchaloup/Library/TinyTeX/texmf-dist/tex/latex/multirow/multirow.sty
Package: multirow 2019/05/31 v2.5 Span multiple rows of a table
\multirow@colwidth=\skip74
\multirow@cntb=\count290
\multirow@dima=\skip75
\bigstrutjot=\dimen184
) (/Users/bchaloup/Library/TinyTeX/texmf-dist/tex/latex/tools/tabularx.sty
Package: tabularx 2020/01/15 v2.11c `tabularx' package (DPC)
(/Users/bchaloup/Library/TinyTeX/texmf-dist/tex/latex/tools/array.sty
Package: array 2020/10/01 v2.5c Tabular extension package (FMi)
\col@sep=\dimen185
\ar@mcellbox=\box58
\extrarowheight=\dimen186
\NC@list=\toks26
\extratabsurround=\skip76
\backup@length=\skip77
\ar@cellbox=\box59
)
\TX@col@width=\dimen187
\TX@old@table=\dimen188
\TX@old@col=\dimen189
\TX@target=\dimen190
\TX@delta=\dimen191
\TX@cols=\count291
\TX@ftn=\toks27
)
(/Users/bchaloup/Library/TinyTeX/texmf-dist/tex/latex/threeparttablex/threepart
tablex.sty
Package: threeparttablex 2013/07/23 v0.3 by daleif
(/Users/bchaloup/Library/TinyTeX/texmf-dist/tex/latex/environ/environ.sty
Package: environ 2014/05/04 v0.3 A new way to define environments

(/Users/bchaloup/Library/TinyTeX/texmf-dist/tex/latex/trimspaces/trimspaces.sty
Package: trimspaces 2009/09/17 v1.1 Trim spaces around a token list
))
\TPTL@width=\skip78
)
\longtablewidth=\skip79
Failed to patch abstract.
Failed to patch title.

(/Users/bchaloup/Library/TinyTeX/texmf-dist/tex/latex/dblfloatfix/dblfloatfix.s
ty
Package: dblfloatfix 2012/12/31 v1.0a (JAW)
\@dblbotnum=\count292
\c@dblbotnumber=\count293
) (/Users/bchaloup/Library/TinyTeX/texmf-dist/tex/latex/csquotes/csquotes.sty
Package: csquotes 2019-12-06 v5.2j context-sensitive quotations (JAW)
\csq@reset=\count294
\csq@gtype=\count295
\csq@glevel=\count296
\csq@qlevel=\count297
\csq@maxlvl=\count298
\csq@tshold=\count299
\csq@ltx@everypar=\toks28
(/Users/bchaloup/Library/TinyTeX/texmf-dist/tex/latex/csquotes/csquotes.def
File: csquotes.def 2019-12-06 v5.2j csquotes generic definitions (JAW)
)
Package csquotes Info: Trying to load configuration file 'csquotes.cfg'...
Package csquotes Info: ... configuration file loaded successfully.
(/Users/bchaloup/Library/TinyTeX/texmf-dist/tex/latex/csquotes/csquotes.cfg
File: csquotes.cfg 
)) (/Users/bchaloup/Library/TinyTeX/texmf-dist/tex/generic/babel/babel.sty
Package: babel 2020/10/27 3.51 The Babel package
(/Users/bchaloup/Library/TinyTeX/texmf-dist/tex/generic/babel/babel.def
File: babel.def 2020/10/27 3.51 Babel common definitions
\babel@savecnt=\count300
\U@D=\dimen192
\l@babelnohyphens=\language3
(/Users/bchaloup/Library/TinyTeX/texmf-dist/tex/generic/babel/txtbabel.def)
\bbl@readstream=\read2
)
\bbl@dirlevel=\count301

(/Users/bchaloup/Library/TinyTeX/texmf-dist/tex/generic/babel-english/english.l
df
Language: english 2017/06/06 v3.3r English support from the babel system
Package babel Info: \l@british = using hyphenrules for english
(babel)             (\language0) on input line 82.
Package babel Info: \l@UKenglish = using hyphenrules for english
(babel)             (\language0) on input line 83.
Package babel Info: \l@canadian = using hyphenrules for english
(babel)             (\language0) on input line 102.
Package babel Info: \l@australian = using hyphenrules for english
(babel)             (\language0) on input line 105.
Package babel Info: \l@newzealand = using hyphenrules for english
(babel)             (\language0) on input line 108.
)
(/Users/bchaloup/Library/TinyTeX/texmf-dist/tex/generic/babel-english/english.l
df
Language: english 2017/06/06 v3.3r English support from the babel system
))
Package csquotes Info: Checking for multilingual support...
Package csquotes Info: ... found 'babel' package.
Package csquotes Info: Adjusting default style.
Package csquotes Info: Redefining alias 'default' -> 'english'.

(/Users/bchaloup/Library/TinyTeX/texmf-dist/tex/latex/l3backend/l3backend-pdfte
x.def
File: l3backend-pdftex.def 2020-09-24 L3 backend support: PDF output (pdfTeX)
\l__kernel_color_stack_int=\count302
\l__pdf_internal_box=\box60
) (./paper_papaja.aux)
\openout1 = `paper_papaja.aux'.

LaTeX Font Info:    Checking defaults for OML/cmm/m/it on input line 119.
LaTeX Font Info:    ... okay on input line 119.
LaTeX Font Info:    Checking defaults for OMS/cmsy/m/n on input line 119.
LaTeX Font Info:    ... okay on input line 119.
LaTeX Font Info:    Checking defaults for OT1/cmr/m/n on input line 119.
LaTeX Font Info:    ... okay on input line 119.
LaTeX Font Info:    Checking defaults for T1/cmr/m/n on input line 119.
LaTeX Font Info:    ... okay on input line 119.
LaTeX Font Info:    Checking defaults for TS1/cmr/m/n on input line 119.
LaTeX Font Info:    ... okay on input line 119.
LaTeX Font Info:    Checking defaults for OMX/cmex/m/n on input line 119.
LaTeX Font Info:    ... okay on input line 119.
LaTeX Font Info:    Checking defaults for U/cmr/m/n on input line 119.
LaTeX Font Info:    ... okay on input line 119.
LaTeX Font Info:    Checking defaults for PD1/pdf/m/n on input line 119.
LaTeX Font Info:    ... okay on input line 119.
LaTeX Font Info:    Checking defaults for PU/pdf/m/n on input line 119.
LaTeX Font Info:    ... okay on input line 119.
*geometry* driver: auto-detecting
*geometry* detected driver: pdftex
*geometry* verbose mode - [ preamble ] result:
* driver: pdftex
* paper: <default>
* layout: <same size as paper>
* layoutoffset:(h,v)=(0.0pt,0.0pt)
* modes: twoside 
* h-part:(L,W,R)=(72.26999pt, 469.75502pt, 72.26999pt)
* v-part:(T,H,B)=(72.26999pt, 650.43001pt, 72.26999pt)
* \paperwidth=614.295pt
* \paperheight=794.96999pt
* \textwidth=501.55397pt
* \textheight=643.20255pt
* \oddsidemargin=-18.06749pt
* \evensidemargin=-18.06749pt
* \topmargin=-19.8738pt
* \headheight=13.4457pt
* \headsep=13.72546pt
* \topskip=10.0pt
* \footskip=30.0pt
* \marginparwidth=121.0pt
* \marginparsep=11.0pt
* \columnsep=18.06749pt
* \skip\footins=10.0pt plus 5.0pt minus 3.0pt
* \hoffset=0.0pt
* \voffset=0.0pt
* \mag=1000
* \@twocolumnfalse
* \@twosidetrue
* \@mparswitchtrue
* \@reversemarginfalse
* (1in=72.27pt=25.4mm, 1cm=28.453pt)


(/Users/bchaloup/Library/TinyTeX/texmf-dist/tex/latex/epstopdf-pkg/epstopdf-bas
e.sty
Package: epstopdf-base 2020-01-24 v2.11 Base part for package epstopdf
(/Users/bchaloup/Library/TinyTeX/texmf-dist/tex/latex/grfext/grfext.sty
Package: grfext 2019/12/03 v1.3 Manage graphics extensions (HO)
)
Package epstopdf-base Info: Redefining graphics rule for `.eps' on input line 4
85.
Package grfext Info: Graphics extension search list:
(grfext)             [.pdf,.png,.jpg,.mps,.jpeg,.jbig2,.jb2,.PDF,.PNG,.JPG,.JPE
G,.JBIG2,.JB2,.eps]
(grfext)             \AppendGraphicsExtensions on input line 504.

(/Users/bchaloup/Library/TinyTeX/texmf-dist/tex/latex/latexconfig/epstopdf-sys.
cfg
File: epstopdf-sys.cfg 2010/07/13 v1.3 Configuration of (r)epstopdf for TeX Liv
e
))
(/Users/bchaloup/Library/TinyTeX/texmf-dist/tex/latex/apa6/config/APAamerican.t
xt
File: APAamerican.txt 2012/02/23 v1.25 apa6 configuration for American English
)
Package caption Info: Begin \AtBeginDocument code.
Package caption Info: hyperref package is loaded.
Package caption Info: longtable package is loaded.
(/Users/bchaloup/Library/TinyTeX/texmf-dist/tex/latex/caption/ltcaption.sty
Package: ltcaption 2020/05/30 v1.4b longtable captions (AR)
)
Package caption Info: End \AtBeginDocument code.
Package hyperref Info: Link coloring OFF on input line 119.
(/Users/bchaloup/Library/TinyTeX/texmf-dist/tex/latex/hyperref/nameref.sty
Package: nameref 2019/09/16 v2.46 Cross-referencing by name of section
(/Users/bchaloup/Library/TinyTeX/texmf-dist/tex/latex/refcount/refcount.sty
Package: refcount 2019/12/15 v3.6 Data extraction from label references (HO)
)
(/Users/bchaloup/Library/TinyTeX/texmf-dist/tex/generic/gettitlestring/gettitle
string.sty
Package: gettitlestring 2019/12/15 v1.6 Cleanup title references (HO)
)
\c@section@level=\count303
)
LaTeX Info: Redefining \ref on input line 119.
LaTeX Info: Redefining \pageref on input line 119.
LaTeX Info: Redefining \nameref on input line 119.
(./paper_papaja.out) (./paper_papaja.out)
\@outlinefile=\write3
\openout3 = `paper_papaja.out'.

LaTeX Font Info:    Trying to load font information for OT1+ptmcm on input line
 121.
(/Users/bchaloup/Library/TinyTeX/texmf-dist/tex/latex/psnfss/ot1ptmcm.fd
File: ot1ptmcm.fd 2000/01/03 Fontinst v1.801 font definitions for OT1/ptmcm.
)
LaTeX Font Info:    Trying to load font information for OML+ptmcm on input line
 121.
(/Users/bchaloup/Library/TinyTeX/texmf-dist/tex/latex/psnfss/omlptmcm.fd
File: omlptmcm.fd 2000/01/03 Fontinst v1.801 font definitions for OML/ptmcm.
)
LaTeX Font Info:    Trying to load font information for OMS+pzccm on input line
 121.
(/Users/bchaloup/Library/TinyTeX/texmf-dist/tex/latex/psnfss/omspzccm.fd
File: omspzccm.fd 2000/01/03 Fontinst v1.801 font definitions for OMS/pzccm.
)
LaTeX Font Info:    Trying to load font information for OMX+psycm on input line
 121.
(/Users/bchaloup/Library/TinyTeX/texmf-dist/tex/latex/psnfss/omxpsycm.fd
File: omxpsycm.fd 2000/01/03 Fontinst v1.801 font definitions for OMX/psycm.
)
LaTeX Font Info:    Trying to load font information for OT1+ptm on input line 1
21.
(/Users/bchaloup/Library/TinyTeX/texmf-dist/tex/latex/psnfss/ot1ptm.fd
File: ot1ptm.fd 2001/06/04 font definitions for OT1/ptm.
)
LaTeX Font Info:    Font shape `OT1/ptm/bx/n' in size <12> not available
(Font)              Font shape `OT1/ptm/b/n' tried instead on input line 121.
LaTeX Font Info:    Font shape `OT1/ptm/bx/n' in size <9> not available
(Font)              Font shape `OT1/ptm/b/n' tried instead on input line 121.
LaTeX Font Info:    Font shape `OT1/ptm/bx/n' in size <7> not available
(Font)              Font shape `OT1/ptm/b/n' tried instead on input line 121.
LaTeX Font Info:    Trying to load font information for U+msa on input line 121
.
(/Users/bchaloup/Library/TinyTeX/texmf-dist/tex/latex/amsfonts/umsa.fd
File: umsa.fd 2013/01/14 v3.01 AMS symbols A
)
LaTeX Font Info:    Trying to load font information for U+msb on input line 121
.
(/Users/bchaloup/Library/TinyTeX/texmf-dist/tex/latex/amsfonts/umsb.fd
File: umsb.fd 2013/01/14 v3.01 AMS symbols B
)
LaTeX Font Info:    Font shape `OT1/ptm/bx/n' in size <10> not available
(Font)              Font shape `OT1/ptm/b/n' tried instead on input line 121.
LaTeX Font Info:    Font shape `OT1/ptm/bx/n' in size <7.4> not available
(Font)              Font shape `OT1/ptm/b/n' tried instead on input line 121.
LaTeX Font Info:    Font shape `OT1/ptm/bx/n' in size <6> not available
(Font)              Font shape `OT1/ptm/b/n' tried instead on input line 121.
</Users/bchaloup/Documents/Fall 2020/EDLD651/final_project/paper/paper_images/c
oast.jpg, id=32, 642.4pt x 420.57124pt>
File: /Users/bchaloup/Documents/Fall 2020/EDLD651/final_project/paper/paper_ima
ges/coast.jpg Graphic file (type jpg)
<use /Users/bchaloup/Documents/Fall 2020/EDLD651/final_project/paper/paper_imag
es/coast.jpg>
Package pdftex.def Info: /Users/bchaloup/Documents/Fall 2020/EDLD651/final_proj
ect/paper/paper_images/coast.jpg  used on input line 129.
(pdftex.def)             Requested size: 72.51683pt x 47.47586pt.
</Users/bchaloup/Documents/Fall 2020/EDLD651/final_project/paper/paper_images/f
ractalfern.png, id=33, 334.24875pt x 466.74374pt>
File: /Users/bchaloup/Documents/Fall 2020/EDLD651/final_project/paper/paper_ima
ges/fractalfern.png Graphic file (type png)
<use /Users/bchaloup/Documents/Fall 2020/EDLD651/final_project/paper/paper_imag
es/fractalfern.png>
Package pdftex.def Info: /Users/bchaloup/Documents/Fall 2020/EDLD651/final_proj
ect/paper/paper_images/fractalfern.png  used on input line 129.
(pdftex.def)             Requested size: 72.52pt x 101.26668pt.
</Users/bchaloup/Documents/Fall 2020/EDLD651/final_project/paper/paper_images/s
pooky.png, id=34, 213.79875pt x 513.92pt>
File: /Users/bchaloup/Documents/Fall 2020/EDLD651/final_project/paper/paper_ima
ges/spooky.png Graphic file (type png)
<use /Users/bchaloup/Documents/Fall 2020/EDLD651/final_project/paper/paper_imag
es/spooky.png>
Package pdftex.def Info: /Users/bchaloup/Documents/Fall 2020/EDLD651/final_proj
ect/paper/paper_images/spooky.png  used on input line 129.
(pdftex.def)             Requested size: 72.52097pt x 174.32271pt.

Underfull \vbox (badness 10000) has occurred while \output is active []

[1{/Users/bchaloup/Library/TinyTeX/texmf-var/fonts/map/pdftex/updmap/pdftex.map
}


 </Users/bchaloup/Documents/Fall 2020/EDLD651/final_project/paper/paper_images/
coast.jpg> </Users/bchaloup/Documents/Fall 2020/EDLD651/final_project/paper/pap
er_images/fractalfern.png> </Users/bchaloup/Documents/Fall 2020/EDLD651/final_p
roject/paper/paper_images/spooky.png>]
Underfull \vbox (badness 2884) has occurred while \output is active []

</Users/bchaloup/Documents/Fall 2020/EDLD651/final_project/paper/paper_images/b
ars.png, id=46, 451.6875pt x 276.03125pt>
File: /Users/bchaloup/Documents/Fall 2020/EDLD651/final_project/paper/paper_ima
ges/bars.png Graphic file (type png)
<use /Users/bchaloup/Documents/Fall 2020/EDLD651/final_project/paper/paper_imag
es/bars.png>
Package pdftex.def Info: /Users/bchaloup/Documents/Fall 2020/EDLD651/final_proj
ect/paper/paper_images/bars.png  used on input line 148.
(pdftex.def)             Requested size: 120.86829pt x 73.86394pt.
</Users/bchaloup/Documents/Fall 2020/EDLD651/final_project/paper/paper_images/s
tar.jpg, id=47, 467.7475pt x 464.73625pt>
File: /Users/bchaloup/Documents/Fall 2020/EDLD651/final_project/paper/paper_ima
ges/star.jpg Graphic file (type jpg)
<use /Users/bchaloup/Documents/Fall 2020/EDLD651/final_project/paper/paper_imag
es/star.jpg>
Package pdftex.def Info: /Users/bchaloup/Documents/Fall 2020/EDLD651/final_proj
ect/paper/paper_images/star.jpg  used on input line 148.
(pdftex.def)             Requested size: 120.8692pt x 120.09108pt.
LaTeX Font Info:    Font shape `OT1/ptm/bx/n' in size <5> not available
(Font)              Font shape `OT1/ptm/b/n' tried instead on input line 156.
[2 </Users/bchaloup/Documents/Fall 2020/EDLD651/final_project/paper/paper_image
s/bars.png> </Users/bchaloup/Documents/Fall 2020/EDLD651/final_project/paper/pa
per_images/star.jpg>]
</Users/bchaloup/Documents/Fall 2020/EDLD651/final_project/paper/paper_images/s
quigly.jpg, id=54, 385.44pt x 237.88875pt>
File: /Users/bchaloup/Documents/Fall 2020/EDLD651/final_project/paper/paper_ima
ges/squigly.jpg Graphic file (type jpg)
<use /Users/bchaloup/Documents/Fall 2020/EDLD651/final_project/paper/paper_imag
es/squigly.jpg>
Package pdftex.def Info: /Users/bchaloup/Documents/Fall 2020/EDLD651/final_proj
ect/paper/paper_images/squigly.jpg  used on input line 159.
(pdftex.def)             Requested size: 72.52272pt x 44.7601pt.
</Users/bchaloup/Documents/Fall 2020/EDLD651/final_project/paper/paper_images/t
riangle.jpg, id=55, 393.47pt x 230.8625pt>
File: /Users/bchaloup/Documents/Fall 2020/EDLD651/final_project/paper/paper_ima
ges/triangle.jpg Graphic file (type jpg)
<use /Users/bchaloup/Documents/Fall 2020/EDLD651/final_project/paper/paper_imag
es/triangle.jpg>
Package pdftex.def Info: /Users/bchaloup/Documents/Fall 2020/EDLD651/final_proj
ect/paper/paper_images/triangle.jpg  used on input line 159.
(pdftex.def)             Requested size: 72.52063pt x 42.55037pt.
</Users/bchaloup/Documents/Fall 2020/EDLD651/final_project/paper/paper_images/m
aze.jpg, id=56, 513.92pt x 343.2825pt>
File: /Users/bchaloup/Documents/Fall 2020/EDLD651/final_project/paper/paper_ima
ges/maze.jpg Graphic file (type jpg)
<use /Users/bchaloup/Documents/Fall 2020/EDLD651/final_project/paper/paper_imag
es/maze.jpg>
Package pdftex.def Info: /Users/bchaloup/Documents/Fall 2020/EDLD651/final_proj
ect/paper/paper_images/maze.jpg  used on input line 159.
(pdftex.def)             Requested size: 72.52075pt x 48.44159pt.
</Users/bchaloup/Documents/Fall 2020/EDLD651/final_project/paper/paper_images/m
orefractals.png, id=58, 271.0125pt x 476.78125pt>
File: /Users/bchaloup/Documents/Fall 2020/EDLD651/final_project/paper/paper_ima
ges/morefractals.png Graphic file (type png)
<use /Users/bchaloup/Documents/Fall 2020/EDLD651/final_project/paper/paper_imag
es/morefractals.png>
Package pdftex.def Info: /Users/bchaloup/Documents/Fall 2020/EDLD651/final_proj
ect/paper/paper_images/morefractals.png  used on input line 170.
(pdftex.def)             Requested size: 65.04018pt x 114.42256pt.
</Users/bchaloup/Documents/Fall 2020/EDLD651/final_project/paper/paper_images/s
quare.png, id=59, 513.92pt x 160.6pt>
File: /Users/bchaloup/Documents/Fall 2020/EDLD651/final_project/paper/paper_ima
ges/square.png Graphic file (type png)
<use /Users/bchaloup/Documents/Fall 2020/EDLD651/final_project/paper/paper_imag
es/square.png>
Package pdftex.def Info: /Users/bchaloup/Documents/Fall 2020/EDLD651/final_proj
ect/paper/paper_images/square.png  used on input line 178.
(pdftex.def)             Requested size: 123.57857pt x 38.6183pt.

Underfull \vbox (badness 1997) has occurred while \output is active []

[3 </Users/bchaloup/Documents/Fall 2020/EDLD651/final_project/paper/paper_image
s/squigly.jpg> </Users/bchaloup/Documents/Fall 2020/EDLD651/final_project/paper
/paper_images/triangle.jpg> </Users/bchaloup/Documents/Fall 2020/EDLD651/final_
project/paper/paper_images/maze.jpg> </Users/bchaloup/Documents/Fall 2020/EDLD6
51/final_project/paper/paper_images/morefractals.png> </Users/bchaloup/Document
s/Fall 2020/EDLD651/final_project/paper/paper_images/square.png>]
</Users/bchaloup/Documents/Fall 2020/EDLD651/final_project/paper/paper_images/b
lotches.png, id=68, 467.7475pt x 313.17pt>
File: /Users/bchaloup/Documents/Fall 2020/EDLD651/final_project/paper/paper_ima
ges/blotches.png Graphic file (type png)
<use /Users/bchaloup/Documents/Fall 2020/EDLD651/final_project/paper/paper_imag
es/blotches.png>
Package pdftex.def Info: /Users/bchaloup/Documents/Fall 2020/EDLD651/final_proj
ect/paper/paper_images/blotches.png  used on input line 195.
(pdftex.def)             Requested size: 72.52151pt x 48.55518pt.
</Users/bchaloup/Documents/Fall 2020/EDLD651/final_project/paper/paper_images/m
oreblotches.png, id=69, 331.2375pt x 513.92pt>
File: /Users/bchaloup/Documents/Fall 2020/EDLD651/final_project/paper/paper_ima
ges/moreblotches.png Graphic file (type png)
<use /Users/bchaloup/Documents/Fall 2020/EDLD651/final_project/paper/paper_imag
es/moreblotches.png>
Package pdftex.def Info: /Users/bchaloup/Documents/Fall 2020/EDLD651/final_proj
ect/paper/paper_images/moreblotches.png  used on input line 195.
(pdftex.def)             Requested size: 72.52373pt x 112.52165pt.
</Users/bchaloup/Documents/Fall 2020/EDLD651/final_project/paper/paper_images/d
econstruction.png, id=70, 492.84125pt x 492.84125pt>
File: /Users/bchaloup/Documents/Fall 2020/EDLD651/final_project/paper/paper_ima
ges/deconstruction.png Graphic file (type png)
<use /Users/bchaloup/Documents/Fall 2020/EDLD651/final_project/paper/paper_imag
es/deconstruction.png>
Package pdftex.def Info: /Users/bchaloup/Documents/Fall 2020/EDLD651/final_proj
ect/paper/paper_images/deconstruction.png  used on input line 195.
(pdftex.def)             Requested size: 72.52425pt x 72.52425pt.
</Users/bchaloup/Documents/Fall 2020/EDLD651/final_project/paper/paper_images/t
ask_outline.jpg, id=71, 513.92pt x 385.44pt>
File: /Users/bchaloup/Documents/Fall 2020/EDLD651/final_project/paper/paper_ima
ges/task_outline.jpg Graphic file (type jpg)
<use /Users/bchaloup/Documents/Fall 2020/EDLD651/final_project/paper/paper_imag
es/task_outline.jpg>
Package pdftex.def Info: /Users/bchaloup/Documents/Fall 2020/EDLD651/final_proj
ect/paper/paper_images/task_outline.jpg  used on input line 211.
(pdftex.def)             Requested size: 123.57857pt x 92.68393pt.
</Users/bchaloup/Documents/Fall 2020/EDLD651/final_project/paper/paper_images/f
ractal_direction.png, id=72, 513.92pt x 385.44pt>
File: /Users/bchaloup/Documents/Fall 2020/EDLD651/final_project/paper/paper_ima
ges/fractal_direction.png Graphic file (type png)
<use /Users/bchaloup/Documents/Fall 2020/EDLD651/final_project/paper/paper_imag
es/fractal_direction.png>
Package pdftex.def Info: /Users/bchaloup/Documents/Fall 2020/EDLD651/final_proj
ect/paper/paper_images/fractal_direction.png  used on input line 211.
(pdftex.def)             Requested size: 123.57857pt x 92.68393pt.

Underfull \vbox (badness 2237) has occurred while \output is active []

[4 </Users/bchaloup/Documents/Fall 2020/EDLD651/final_project/paper/paper_image
s/blotches.png> </Users/bchaloup/Documents/Fall 2020/EDLD651/final_project/pape
r/paper_images/moreblotches.png> </Users/bchaloup/Documents/Fall 2020/EDLD651/f
inal_project/paper/paper_images/deconstruction.png> </Users/bchaloup/Documents/
Fall 2020/EDLD651/final_project/paper/paper_images/task_outline.jpg> </Users/bc
haloup/Documents/Fall 2020/EDLD651/final_project/paper/paper_images/fractal_dir
ection.png>]

LaTeX Warning: Float too large for page by 13.4838pt on input line 301.

<paper_papaja_files/figure-latex/main-1.pdf, id=82, 463.7325pt x 313.17pt>
File: paper_papaja_files/figure-latex/main-1.pdf Graphic file (type pdf)
<use paper_papaja_files/figure-latex/main-1.pdf>
Package pdftex.def Info: paper_papaja_files/figure-latex/main-1.pdf  used on in
put line 307.
(pdftex.def)             Requested size: 241.74373pt x 163.25551pt.
<paper_papaja_files/figure-latex/ftfig-1.pdf, id=84, 463.7325pt x 316.18124pt>
File: paper_papaja_files/figure-latex/ftfig-1.pdf Graphic file (type pdf)
<use paper_papaja_files/figure-latex/ftfig-1.pdf>
Package pdftex.def Info: paper_papaja_files/figure-latex/ftfig-1.pdf  used on i
nput line 315.
(pdftex.def)             Requested size: 241.74373pt x 164.82527pt.
<paper_papaja_files/figure-latex/fatigue1-1.pdf, id=86, 457.71pt x 316.18124pt>

File: paper_papaja_files/figure-latex/fatigue1-1.pdf Graphic file (type pdf)
<use paper_papaja_files/figure-latex/fatigue1-1.pdf>
Package pdftex.def Info: paper_papaja_files/figure-latex/fatigue1-1.pdf  used o
n input line 323.
(pdftex.def)             Requested size: 241.74007pt x 166.99149pt.
<paper_papaja_files/figure-latex/fatigue2-1.pdf, id=87, 457.71pt x 316.18124pt>

File: paper_papaja_files/figure-latex/fatigue2-1.pdf Graphic file (type pdf)
<use paper_papaja_files/figure-latex/fatigue2-1.pdf>
Package pdftex.def Info: paper_papaja_files/figure-latex/fatigue2-1.pdf  used o
n input line 329.
(pdftex.def)             Requested size: 241.74007pt x 166.99149pt.

Underfull \vbox (badness 10000) has occurred while \output is active []

[5 <./paper_papaja_files/figure-latex/main-1.pdf> <./paper_papaja_files/figure-
latex/ftfig-1.pdf> <./paper_papaja_files/figure-latex/fatigue1-1.pdf>] [6] [7 <
./paper_papaja_files/figure-latex/fatigue2-1.pdf>] [8] (./paper_papaja.aux)
Package rerunfilecheck Info: File `paper_papaja.out' has not changed.
(rerunfilecheck)             Checksum: A710A06491D47583E4D295AC0BBBE385;691.
 ) 
Here is how much of TeX's memory you used:
 14114 strings out of 481331
 220155 string characters out of 5916839
 542364 words of memory out of 5000000
 30612 multiletter control sequences out of 15000+600000
 460026 words of font info for 116 fonts, out of 8000000 for 9000
 14 hyphenation exceptions out of 8191
 80i,9n,85p,3383b,487s stack positions out of 5000i,500n,10000p,200000b,80000s
{/Users/bchaloup/Library/TinyTeX/texmf-dist/fonts/enc/dvips/base/8r.enc}</Use
rs/bchaloup/Library/TinyTeX/texmf-dist/fonts/type1/public/amsfonts/cm/cmmi10.pf
b></Users/bchaloup/Library/TinyTeX/texmf-dist/fonts/type1/public/amsfonts/cm/cm
r10.pfb></Users/bchaloup/Library/TinyTeX/texmf-dist/fonts/type1/urw/symbol/usyr
.pfb></Users/bchaloup/Library/TinyTeX/texmf-dist/fonts/type1/urw/times/utmb8a.p
fb></Users/bchaloup/Library/TinyTeX/texmf-dist/fonts/type1/urw/times/utmr8a.pfb
></Users/bchaloup/Library/TinyTeX/texmf-dist/fonts/type1/urw/times/utmri8a.pfb>
Output written on paper_papaja.pdf (8 pages, 1178215 bytes).
PDF statistics:
 233 PDF objects out of 1000 (max. 8388607)
 188 compressed objects within 2 object streams
 57 named destinations out of 1000 (max. 500000)
 152 words of extra memory for PDF output out of 10000 (max. 10000000)

